{"C:\\Users\\User\\Downloads\\Projeto Claude Code\\Fast Post\\src\\lib\\auth.ts": {"path":"C:\\Users\\User\\Downloads\\Projeto Claude Code\\Fast Post\\src\\lib\\auth.ts","statementMap":{"0":{"start":{"line":14,"column":33},"end":{"line":14,"column":null}},"1":{"start":{"line":16,"column":37},"end":{"line":33,"column":null}},"2":{"start":{"line":36,"column":15},"end":{"line":36,"column":null}},"3":{"start":{"line":36,"column":40},"end":{"line":36,"column":107}},"4":{"start":{"line":38,"column":2},"end":{"line":40,"column":null}},"5":{"start":{"line":39,"column":4},"end":{"line":39,"column":null}},"6":{"start":{"line":42,"column":2},"end":{"line":42,"column":null}},"7":{"start":{"line":46,"column":2},"end":{"line":51,"column":null}},"8":{"start":{"line":55,"column":18},"end":{"line":55,"column":null}},"9":{"start":{"line":56,"column":20},"end":{"line":56,"column":null}},"10":{"start":{"line":58,"column":2},"end":{"line":58,"column":null}},"11":{"start":{"line":62,"column":2},"end":{"line":64,"column":null}},"12":{"start":{"line":63,"column":4},"end":{"line":63,"column":null}},"13":{"start":{"line":66,"column":31},"end":{"line":66,"column":null}},"14":{"start":{"line":68,"column":2},"end":{"line":70,"column":null}},"15":{"start":{"line":69,"column":4},"end":{"line":69,"column":null}},"16":{"start":{"line":72,"column":2},"end":{"line":79,"column":null}},"17":{"start":{"line":73,"column":19},"end":{"line":73,"column":null}},"18":{"start":{"line":74,"column":22},"end":{"line":74,"column":null}},"19":{"start":{"line":74,"column":47},"end":{"line":74,"column":105}},"20":{"start":{"line":76,"column":4},"end":{"line":76,"column":null}},"21":{"start":{"line":78,"column":4},"end":{"line":78,"column":null}},"22":{"start":{"line":83,"column":21},"end":{"line":83,"column":null}},"23":{"start":{"line":85,"column":2},"end":{"line":85,"column":null}},"24":{"start":{"line":89,"column":2},"end":{"line":89,"column":null}},"25":{"start":{"line":93,"column":2},"end":{"line":93,"column":null}},"26":{"start":{"line":97,"column":21},"end":{"line":97,"column":null}},"27":{"start":{"line":98,"column":22},"end":{"line":98,"column":null}},"28":{"start":{"line":100,"column":2},"end":{"line":100,"column":null}}},"fnMap":{"0":{"name":"authenticateUser","decl":{"start":{"line":35,"column":16},"end":{"line":35,"column":33}},"loc":{"start":{"line":35,"column":102},"end":{"line":43,"column":null}},"line":35},"1":{"name":"(anonymous_1)","decl":{"start":{"line":36,"column":25},"end":{"line":36,"column":31}},"loc":{"start":{"line":36,"column":40},"end":{"line":36,"column":107}},"line":36},"2":{"name":"publicSessionFor","decl":{"start":{"line":45,"column":16},"end":{"line":45,"column":33}},"loc":{"start":{"line":45,"column":64},"end":{"line":52,"column":null}},"line":45},"3":{"name":"createSessionToken","decl":{"start":{"line":54,"column":16},"end":{"line":54,"column":35}},"loc":{"start":{"line":54,"column":59},"end":{"line":59,"column":null}},"line":54},"4":{"name":"parseSessionToken","decl":{"start":{"line":61,"column":16},"end":{"line":61,"column":34}},"loc":{"start":{"line":61,"column":72},"end":{"line":80,"column":null}},"line":61},"5":{"name":"(anonymous_5)","decl":{"start":{"line":74,"column":32},"end":{"line":74,"column":38}},"loc":{"start":{"line":74,"column":47},"end":{"line":74,"column":105}},"line":74},"6":{"name":"verifyPassword","decl":{"start":{"line":82,"column":9},"end":{"line":82,"column":24}},"loc":{"start":{"line":82,"column":78},"end":{"line":86,"column":null}},"line":82},"7":{"name":"sign","decl":{"start":{"line":88,"column":9},"end":{"line":88,"column":14}},"loc":{"start":{"line":88,"column":31},"end":{"line":90,"column":null}},"line":88},"8":{"name":"getSessionSecret","decl":{"start":{"line":92,"column":9},"end":{"line":92,"column":28}},"loc":{"start":{"line":92,"column":28},"end":{"line":94,"column":null}},"line":92},"9":{"name":"safeEqual","decl":{"start":{"line":96,"column":9},"end":{"line":96,"column":19}},"loc":{"start":{"line":96,"column":48},"end":{"line":101,"column":null}},"line":96}},"branchMap":{"0":{"loc":{"start":{"line":38,"column":2},"end":{"line":40,"column":null}},"type":"if","locations":[{"start":{"line":38,"column":2},"end":{"line":40,"column":null}},{"start":{},"end":{}}],"line":38},"1":{"loc":{"start":{"line":38,"column":6},"end":{"line":38,"column":86}},"type":"binary-expr","locations":[{"start":{"line":38,"column":6},"end":{"line":38,"column":15}},{"start":{"line":38,"column":15},"end":{"line":38,"column":86}}],"line":38},"2":{"loc":{"start":{"line":62,"column":2},"end":{"line":64,"column":null}},"type":"if","locations":[{"start":{"line":62,"column":2},"end":{"line":64,"column":null}},{"start":{},"end":{}}],"line":62},"3":{"loc":{"start":{"line":68,"column":2},"end":{"line":70,"column":null}},"type":"if","locations":[{"start":{"line":68,"column":2},"end":{"line":70,"column":null}},{"start":{},"end":{}}],"line":68},"4":{"loc":{"start":{"line":68,"column":6},"end":{"line":68,"column":70}},"type":"binary-expr","locations":[{"start":{"line":68,"column":6},"end":{"line":68,"column":18}},{"start":{"line":68,"column":18},"end":{"line":68,"column":32}},{"start":{"line":68,"column":32},"end":{"line":68,"column":70}}],"line":68},"5":{"loc":{"start":{"line":74,"column":47},"end":{"line":74,"column":105}},"type":"binary-expr","locations":[{"start":{"line":74,"column":47},"end":{"line":74,"column":72}},{"start":{"line":74,"column":72},"end":{"line":74,"column":105}}],"line":74},"6":{"loc":{"start":{"line":76,"column":11},"end":{"line":76,"column":null}},"type":"cond-expr","locations":[{"start":{"line":76,"column":23},"end":{"line":76,"column":53}},{"start":{"line":76,"column":53},"end":{"line":76,"column":null}}],"line":76},"7":{"loc":{"start":{"line":93,"column":9},"end":{"line":93,"column":null}},"type":"binary-expr","locations":[{"start":{"line":93,"column":9},"end":{"line":93,"column":48}},{"start":{"line":93,"column":48},"end":{"line":93,"column":null}}],"line":93},"8":{"loc":{"start":{"line":100,"column":9},"end":{"line":100,"column":null}},"type":"binary-expr","locations":[{"start":{"line":100,"column":9},"end":{"line":100,"column":53}},{"start":{"line":100,"column":53},"end":{"line":100,"column":null}}],"line":100}},"s":{"0":1,"1":1,"2":6,"3":8,"4":6,"5":2,"6":4,"7":7,"8":2,"9":2,"10":2,"11":5,"12":1,"13":4,"14":4,"15":3,"16":1,"17":1,"18":1,"19":1,"20":1,"21":0,"22":5,"23":5,"24":5,"25":5,"26":8,"27":8,"28":8},"f":{"0":6,"1":8,"2":7,"3":2,"4":5,"5":1,"6":5,"7":5,"8":5,"9":8},"b":{"0":[2,4],"1":[6,5],"2":[1,4],"3":[3,1],"4":[4,4,3],"5":[1,1],"6":[1,0],"7":[5,5],"8":[8,7]},"meta":{"lastBranch":9,"lastFunction":10,"lastStatement":29,"seen":{"s:14:33:14:Infinity":0,"s:16:37:33:Infinity":1,"f:35:16:35:33":0,"s:36:15:36:Infinity":2,"f:36:25:36:31":1,"s:36:40:36:107":3,"b:38:2:40:Infinity:undefined:undefined:undefined:undefined":0,"s:38:2:40:Infinity":4,"b:38:6:38:15:38:15:38:86":1,"s:39:4:39:Infinity":5,"s:42:2:42:Infinity":6,"f:45:16:45:33":2,"s:46:2:51:Infinity":7,"f:54:16:54:35":3,"s:55:18:55:Infinity":8,"s:56:20:56:Infinity":9,"s:58:2:58:Infinity":10,"f:61:16:61:34":4,"b:62:2:64:Infinity:undefined:undefined:undefined:undefined":2,"s:62:2:64:Infinity":11,"s:63:4:63:Infinity":12,"s:66:31:66:Infinity":13,"b:68:2:70:Infinity:undefined:undefined:undefined:undefined":3,"s:68:2:70:Infinity":14,"b:68:6:68:18:68:18:68:32:68:32:68:70":4,"s:69:4:69:Infinity":15,"s:72:2:79:Infinity":16,"s:73:19:73:Infinity":17,"s:74:22:74:Infinity":18,"f:74:32:74:38":5,"s:74:47:74:105":19,"b:74:47:74:72:74:72:74:105":5,"s:76:4:76:Infinity":20,"b:76:23:76:53:76:53:76:Infinity":6,"s:78:4:78:Infinity":21,"f:82:9:82:24":6,"s:83:21:83:Infinity":22,"s:85:2:85:Infinity":23,"f:88:9:88:14":7,"s:89:2:89:Infinity":24,"f:92:9:92:28":8,"s:93:2:93:Infinity":25,"b:93:9:93:48:93:48:93:Infinity":7,"f:96:9:96:19":9,"s:97:21:97:Infinity":26,"s:98:22:98:Infinity":27,"s:100:2:100:Infinity":28,"b:100:9:100:53:100:53:100:Infinity":8}}}
,"C:\\Users\\User\\Downloads\\Projeto Claude Code\\Fast Post\\src\\lib\\dashboard-post-details.ts": {"path":"C:\\Users\\User\\Downloads\\Projeto Claude Code\\Fast Post\\src\\lib\\dashboard-post-details.ts","statementMap":{"0":{"start":{"line":25,"column":87},"end":{"line":30,"column":null}},"1":{"start":{"line":32,"column":85},"end":{"line":37,"column":null}},"2":{"start":{"line":40,"column":2},"end":{"line":49,"column":null}},"3":{"start":{"line":53,"column":44},"end":{"line":53,"column":null}},"4":{"start":{"line":54,"column":29},"end":{"line":54,"column":null}},"5":{"start":{"line":55,"column":54},"end":{"line":55,"column":null}},"6":{"start":{"line":57,"column":2},"end":{"line":57,"column":null}}},"fnMap":{"0":{"name":"buildPostDetails","decl":{"start":{"line":39,"column":16},"end":{"line":39,"column":33}},"loc":{"start":{"line":39,"column":82},"end":{"line":50,"column":null}},"line":39},"1":{"name":"formatIsoDateTime","decl":{"start":{"line":52,"column":9},"end":{"line":52,"column":27}},"loc":{"start":{"line":52,"column":42},"end":{"line":58,"column":null}},"line":52}},"branchMap":{"0":{"loc":{"start":{"line":53,"column":19},"end":{"line":53,"column":44}},"type":"default-arg","locations":[{"start":{"line":53,"column":30},"end":{"line":53,"column":44}}],"line":53},"1":{"loc":{"start":{"line":55,"column":9},"end":{"line":55,"column":22}},"type":"default-arg","locations":[{"start":{"line":55,"column":16},"end":{"line":55,"column":22}}],"line":55},"2":{"loc":{"start":{"line":55,"column":22},"end":{"line":55,"column":37}},"type":"default-arg","locations":[{"start":{"line":55,"column":31},"end":{"line":55,"column":37}}],"line":55},"3":{"loc":{"start":{"line":55,"column":37},"end":{"line":55,"column":54}},"type":"default-arg","locations":[{"start":{"line":55,"column":46},"end":{"line":55,"column":54}}],"line":55}},"s":{"0":1,"1":1,"2":1,"3":1,"4":1,"5":1,"6":1},"f":{"0":1,"1":1},"b":{"0":[1],"1":[1],"2":[1],"3":[1]},"meta":{"lastBranch":4,"lastFunction":2,"lastStatement":7,"seen":{"s:25:87:30:Infinity":0,"s:32:85:37:Infinity":1,"f:39:16:39:33":0,"s:40:2:49:Infinity":2,"f:52:9:52:27":1,"s:53:44:53:Infinity":3,"b:53:30:53:44":0,"s:54:29:54:Infinity":4,"s:55:54:55:Infinity":5,"b:55:16:55:22":1,"b:55:31:55:37":2,"b:55:46:55:54":3,"s:57:2:57:Infinity":6}}}
,"C:\\Users\\User\\Downloads\\Projeto Claude Code\\Fast Post\\src\\lib\\dashboard-stats.ts": {"path":"C:\\Users\\User\\Downloads\\Projeto Claude Code\\Fast Post\\src\\lib\\dashboard-stats.ts","statementMap":{"0":{"start":{"line":24,"column":55},"end":{"line":28,"column":null}},"1":{"start":{"line":36,"column":28},"end":{"line":36,"column":null}},"2":{"start":{"line":36,"column":70},"end":{"line":36,"column":103}},"3":{"start":{"line":37,"column":21},"end":{"line":37,"column":null}},"4":{"start":{"line":39,"column":2},"end":{"line":46,"column":null}},"5":{"start":{"line":50,"column":2},"end":{"line":69,"column":null}},"6":{"start":{"line":51,"column":4},"end":{"line":68,"column":null}},"7":{"start":{"line":52,"column":27},"end":{"line":52,"column":54}},"8":{"start":{"line":54,"column":25},"end":{"line":54,"column":null}},"9":{"start":{"line":55,"column":29},"end":{"line":55,"column":null}},"10":{"start":{"line":57,"column":8},"end":{"line":67,"column":null}},"11":{"start":{"line":77,"column":2},"end":{"line":79,"column":null}},"12":{"start":{"line":78,"column":4},"end":{"line":78,"column":null}},"13":{"start":{"line":81,"column":24},"end":{"line":84,"column":null}},"14":{"start":{"line":81,"column":60},"end":{"line":84,"column":3}},"15":{"start":{"line":83,"column":41},"end":{"line":83,"column":57}},"16":{"start":{"line":86,"column":2},"end":{"line":86,"column":null}},"17":{"start":{"line":86,"column":38},"end":{"line":86,"column":105}},"18":{"start":{"line":86,"column":70},"end":{"line":86,"column":104}},"19":{"start":{"line":90,"column":28},"end":{"line":90,"column":null}},"20":{"start":{"line":91,"column":32},"end":{"line":91,"column":null}},"21":{"start":{"line":93,"column":2},"end":{"line":98,"column":null}},"22":{"start":{"line":103,"column":2},"end":{"line":103,"column":null}}},"fnMap":{"0":{"name":"buildDashboardStats","decl":{"start":{"line":30,"column":16},"end":{"line":30,"column":36}},"loc":{"start":{"line":35,"column":19},"end":{"line":47,"column":null}},"line":35},"1":{"name":"(anonymous_1)","decl":{"start":{"line":36,"column":43},"end":{"line":36,"column":51}},"loc":{"start":{"line":36,"column":70},"end":{"line":36,"column":103}},"line":36},"2":{"name":"buildDashboardAlerts","decl":{"start":{"line":49,"column":16},"end":{"line":49,"column":37}},"loc":{"start":{"line":49,"column":83},"end":{"line":70,"column":null}},"line":49},"3":{"name":"(anonymous_3)","decl":{"start":{"line":50,"column":18},"end":{"line":50,"column":27}},"loc":{"start":{"line":51,"column":4},"end":{"line":68,"column":null}},"line":51},"4":{"name":"(anonymous_4)","decl":{"start":{"line":52,"column":7},"end":{"line":52,"column":15}},"loc":{"start":{"line":52,"column":27},"end":{"line":52,"column":54}},"line":52},"5":{"name":"(anonymous_5)","decl":{"start":{"line":53,"column":7},"end":{"line":53,"column":12}},"loc":{"start":{"line":53,"column":24},"end":{"line":68,"column":7}},"line":53},"6":{"name":"buildDashboardRecentPosts","decl":{"start":{"line":72,"column":16},"end":{"line":72,"column":42}},"loc":{"start":{"line":76,"column":26},"end":{"line":87,"column":null}},"line":76},"7":{"name":"(anonymous_7)","decl":{"start":{"line":81,"column":39},"end":{"line":81,"column":48}},"loc":{"start":{"line":81,"column":60},"end":{"line":84,"column":3}},"line":81},"8":{"name":"(anonymous_8)","decl":{"start":{"line":83,"column":24},"end":{"line":83,"column":29}},"loc":{"start":{"line":83,"column":41},"end":{"line":83,"column":57}},"line":83},"9":{"name":"(anonymous_9)","decl":{"start":{"line":86,"column":21},"end":{"line":86,"column":29}},"loc":{"start":{"line":86,"column":38},"end":{"line":86,"column":105}},"line":86},"10":{"name":"(anonymous_10)","decl":{"start":{"line":86,"column":52},"end":{"line":86,"column":58}},"loc":{"start":{"line":86,"column":70},"end":{"line":86,"column":104}},"line":86},"11":{"name":"sameProfile","decl":{"start":{"line":89,"column":9},"end":{"line":89,"column":21}},"loc":{"start":{"line":89,"column":59},"end":{"line":100,"column":null}},"line":89},"12":{"name":"normalizeProfile","decl":{"start":{"line":102,"column":9},"end":{"line":102,"column":26}},"loc":{"start":{"line":102,"column":41},"end":{"line":104,"column":null}},"line":102}},"branchMap":{"0":{"loc":{"start":{"line":62,"column":16},"end":{"line":62,"column":null}},"type":"cond-expr","locations":[{"start":{"line":62,"column":31},"end":{"line":62,"column":43}},{"start":{"line":62,"column":43},"end":{"line":62,"column":null}}],"line":62},"1":{"loc":{"start":{"line":63,"column":17},"end":{"line":63,"column":null}},"type":"cond-expr","locations":[{"start":{"line":63,"column":32},"end":{"line":63,"column":60}},{"start":{"line":63,"column":60},"end":{"line":63,"column":null}}],"line":63},"2":{"loc":{"start":{"line":64,"column":19},"end":{"line":66,"column":null}},"type":"cond-expr","locations":[{"start":{"line":65,"column":14},"end":{"line":65,"column":null}},{"start":{"line":66,"column":14},"end":{"line":66,"column":null}}],"line":64},"3":{"loc":{"start":{"line":77,"column":2},"end":{"line":79,"column":null}},"type":"if","locations":[{"start":{"line":77,"column":2},"end":{"line":79,"column":null}},{"start":{},"end":{}}],"line":77},"4":{"loc":{"start":{"line":77,"column":6},"end":{"line":77,"column":61}},"type":"binary-expr","locations":[{"start":{"line":77,"column":6},"end":{"line":77,"column":37}},{"start":{"line":77,"column":37},"end":{"line":77,"column":61}}],"line":77},"5":{"loc":{"start":{"line":94,"column":4},"end":{"line":98,"column":null}},"type":"binary-expr","locations":[{"start":{"line":94,"column":4},"end":{"line":94,"column":null}},{"start":{"line":95,"column":4},"end":{"line":95,"column":null}},{"start":{"line":96,"column":5},"end":{"line":96,"column":null}},{"start":{"line":97,"column":6},"end":{"line":97,"column":null}},{"start":{"line":98,"column":6},"end":{"line":98,"column":null}}],"line":94}},"s":{"0":1,"1":1,"2":2,"3":1,"4":1,"5":1,"6":2,"7":3,"8":2,"9":2,"10":2,"11":3,"12":2,"13":1,"14":1,"15":1,"16":1,"17":2,"18":3,"19":3,"20":3,"21":3,"22":6},"f":{"0":1,"1":2,"2":1,"3":2,"4":3,"5":2,"6":3,"7":1,"8":1,"9":2,"10":3,"11":3,"12":6},"b":{"0":[1,1],"1":[1,1],"2":[1,1],"3":[2,1],"4":[3,2],"5":[3,3,3,3,2]},"meta":{"lastBranch":6,"lastFunction":13,"lastStatement":23,"seen":{"s:24:55:28:Infinity":0,"f:30:16:30:36":0,"s:36:28:36:Infinity":1,"f:36:43:36:51":1,"s:36:70:36:103":2,"s:37:21:37:Infinity":3,"s:39:2:46:Infinity":4,"f:49:16:49:37":2,"s:50:2:69:Infinity":5,"f:50:18:50:27":3,"s:51:4:68:Infinity":6,"f:52:7:52:15":4,"s:52:27:52:54":7,"f:53:7:53:12":5,"s:54:25:54:Infinity":8,"s:55:29:55:Infinity":9,"s:57:8:67:Infinity":10,"b:62:31:62:43:62:43:62:Infinity":0,"b:63:32:63:60:63:60:63:Infinity":1,"b:65:14:65:Infinity:66:14:66:Infinity":2,"f:72:16:72:42":6,"b:77:2:79:Infinity:undefined:undefined:undefined:undefined":3,"s:77:2:79:Infinity":11,"b:77:6:77:37:77:37:77:61":4,"s:78:4:78:Infinity":12,"s:81:24:84:Infinity":13,"f:81:39:81:48":7,"s:81:60:84:3":14,"f:83:24:83:29":8,"s:83:41:83:57":15,"s:86:2:86:Infinity":16,"f:86:21:86:29":9,"s:86:38:86:105":17,"f:86:52:86:58":10,"s:86:70:86:104":18,"f:89:9:89:21":11,"s:90:28:90:Infinity":19,"s:91:32:91:Infinity":20,"s:93:2:98:Infinity":21,"b:94:4:94:Infinity:95:4:95:Infinity:96:5:96:Infinity:97:6:97:Infinity:98:6:98:Infinity":5,"f:102:9:102:26":12,"s:103:2:103:Infinity":22}}}
,"C:\\Users\\User\\Downloads\\Projeto Claude Code\\Fast Post\\src\\lib\\email-notifications.ts": {"path":"C:\\Users\\User\\Downloads\\Projeto Claude Code\\Fast Post\\src\\lib\\email-notifications.ts","statementMap":{"0":{"start":{"line":32,"column":2},"end":{"line":32,"column":null}},"1":{"start":{"line":40,"column":2},"end":{"line":42,"column":null}},"2":{"start":{"line":41,"column":4},"end":{"line":41,"column":null}},"3":{"start":{"line":44,"column":2},"end":{"line":46,"column":null}},"4":{"start":{"line":45,"column":4},"end":{"line":45,"column":null}},"5":{"start":{"line":48,"column":2},"end":{"line":50,"column":null}},"6":{"start":{"line":49,"column":4},"end":{"line":49,"column":null}},"7":{"start":{"line":52,"column":20},"end":{"line":52,"column":null}},"8":{"start":{"line":54,"column":2},"end":{"line":56,"column":null}},"9":{"start":{"line":55,"column":4},"end":{"line":55,"column":null}},"10":{"start":{"line":58,"column":2},"end":{"line":64,"column":null}},"11":{"start":{"line":66,"column":2},"end":{"line":66,"column":null}},"12":{"start":{"line":70,"column":8},"end":{"line":70,"column":null}},"13":{"start":{"line":71,"column":8},"end":{"line":71,"column":null}},"14":{"start":{"line":72,"column":8},"end":{"line":72,"column":null}},"15":{"start":{"line":73,"column":8},"end":{"line":73,"column":null}},"16":{"start":{"line":75,"column":2},"end":{"line":77,"column":null}},"17":{"start":{"line":76,"column":4},"end":{"line":76,"column":null}},"18":{"start":{"line":79,"column":2},"end":{"line":87,"column":null}},"19":{"start":{"line":91,"column":2},"end":{"line":93,"column":null}},"20":{"start":{"line":92,"column":4},"end":{"line":92,"column":null}},"21":{"start":{"line":95,"column":2},"end":{"line":95,"column":null}},"22":{"start":{"line":99,"column":2},"end":{"line":99,"column":null}},"23":{"start":{"line":103,"column":15},"end":{"line":106,"column":null}},"24":{"start":{"line":108,"column":2},"end":{"line":110,"column":null}},"25":{"start":{"line":109,"column":4},"end":{"line":109,"column":null}},"26":{"start":{"line":112,"column":2},"end":{"line":114,"column":null}},"27":{"start":{"line":113,"column":4},"end":{"line":113,"column":null}},"28":{"start":{"line":116,"column":2},"end":{"line":116,"column":null}},"29":{"start":{"line":120,"column":2},"end":{"line":124,"column":null}}},"fnMap":{"0":{"name":"shouldSendNotification","decl":{"start":{"line":31,"column":16},"end":{"line":31,"column":39}},"loc":{"start":{"line":31,"column":98},"end":{"line":33,"column":null}},"line":31},"1":{"name":"sendEmailNotification","decl":{"start":{"line":35,"column":22},"end":{"line":35,"column":44}},"loc":{"start":{"line":39,"column":3},"end":{"line":67,"column":null}},"line":39},"2":{"name":"createSmtpTransport","decl":{"start":{"line":69,"column":9},"end":{"line":69,"column":53}},"loc":{"start":{"line":69,"column":53},"end":{"line":88,"column":null}},"line":69},"3":{"name":"subjectFor","decl":{"start":{"line":90,"column":9},"end":{"line":90,"column":20}},"loc":{"start":{"line":90,"column":46},"end":{"line":96,"column":null}},"line":90},"4":{"name":"textFor","decl":{"start":{"line":98,"column":9},"end":{"line":98,"column":17}},"loc":{"start":{"line":98,"column":43},"end":{"line":100,"column":null}},"line":98},"5":{"name":"htmlFor","decl":{"start":{"line":102,"column":9},"end":{"line":102,"column":17}},"loc":{"start":{"line":102,"column":43},"end":{"line":117,"column":null}},"line":102},"6":{"name":"escapeHtml","decl":{"start":{"line":119,"column":9},"end":{"line":119,"column":20}},"loc":{"start":{"line":119,"column":35},"end":{"line":125,"column":null}},"line":119}},"branchMap":{"0":{"loc":{"start":{"line":32,"column":9},"end":{"line":32,"column":null}},"type":"binary-expr","locations":[{"start":{"line":32,"column":9},"end":{"line":32,"column":29}},{"start":{"line":32,"column":29},"end":{"line":32,"column":null}}],"line":32},"1":{"loc":{"start":{"line":40,"column":2},"end":{"line":42,"column":null}},"type":"if","locations":[{"start":{"line":40,"column":2},"end":{"line":42,"column":null}},{"start":{},"end":{}}],"line":40},"2":{"loc":{"start":{"line":44,"column":2},"end":{"line":46,"column":null}},"type":"if","locations":[{"start":{"line":44,"column":2},"end":{"line":46,"column":null}},{"start":{},"end":{}}],"line":44},"3":{"loc":{"start":{"line":44,"column":6},"end":{"line":44,"column":76}},"type":"binary-expr","locations":[{"start":{"line":44,"column":6},"end":{"line":44,"column":45}},{"start":{"line":44,"column":45},"end":{"line":44,"column":76}}],"line":44},"4":{"loc":{"start":{"line":48,"column":2},"end":{"line":50,"column":null}},"type":"if","locations":[{"start":{"line":48,"column":2},"end":{"line":50,"column":null}},{"start":{},"end":{}}],"line":48},"5":{"loc":{"start":{"line":48,"column":6},"end":{"line":48,"column":92}},"type":"binary-expr","locations":[{"start":{"line":48,"column":6},"end":{"line":48,"column":53}},{"start":{"line":48,"column":53},"end":{"line":48,"column":92}}],"line":48},"6":{"loc":{"start":{"line":52,"column":20},"end":{"line":52,"column":null}},"type":"binary-expr","locations":[{"start":{"line":52,"column":20},"end":{"line":52,"column":39}},{"start":{"line":52,"column":39},"end":{"line":52,"column":null}}],"line":52},"7":{"loc":{"start":{"line":54,"column":2},"end":{"line":56,"column":null}},"type":"if","locations":[{"start":{"line":54,"column":2},"end":{"line":56,"column":null}},{"start":{},"end":{}}],"line":54},"8":{"loc":{"start":{"line":59,"column":4},"end":{"line":59,"column":null}},"type":"binary-expr","locations":[{"start":{"line":59,"column":4},"end":{"line":59,"column":45}},{"start":{"line":59,"column":40},"end":{"line":59,"column":80}},{"start":{"line":59,"column":80},"end":{"line":59,"column":null}}],"line":59},"9":{"loc":{"start":{"line":75,"column":2},"end":{"line":77,"column":null}},"type":"if","locations":[{"start":{"line":75,"column":2},"end":{"line":77,"column":null}},{"start":{},"end":{}}],"line":75},"10":{"loc":{"start":{"line":75,"column":6},"end":{"line":75,"column":31}},"type":"binary-expr","locations":[{"start":{"line":75,"column":6},"end":{"line":75,"column":15}},{"start":{"line":75,"column":15},"end":{"line":75,"column":24}},{"start":{"line":75,"column":24},"end":{"line":75,"column":31}}],"line":75},"11":{"loc":{"start":{"line":81,"column":10},"end":{"line":81,"column":65}},"type":"binary-expr","locations":[{"start":{"line":81,"column":10},"end":{"line":81,"column":62}},{"start":{"line":81,"column":62},"end":{"line":81,"column":65}}],"line":81},"12":{"loc":{"start":{"line":91,"column":2},"end":{"line":93,"column":null}},"type":"if","locations":[{"start":{"line":91,"column":2},"end":{"line":93,"column":null}},{"start":{},"end":{}}],"line":91},"13":{"loc":{"start":{"line":99,"column":58},"end":{"line":99,"column":null}},"type":"cond-expr","locations":[{"start":{"line":99,"column":112},"end":{"line":99,"column":145}},{"start":{"line":99,"column":145},"end":{"line":99,"column":null}}],"line":99},"14":{"loc":{"start":{"line":99,"column":58},"end":{"line":99,"column":112}},"type":"binary-expr","locations":[{"start":{"line":99,"column":58},"end":{"line":99,"column":91}},{"start":{"line":99,"column":91},"end":{"line":99,"column":112}}],"line":99},"15":{"loc":{"start":{"line":108,"column":2},"end":{"line":110,"column":null}},"type":"if","locations":[{"start":{"line":108,"column":2},"end":{"line":110,"column":null}},{"start":{},"end":{}}],"line":108},"16":{"loc":{"start":{"line":108,"column":6},"end":{"line":108,"column":59}},"type":"binary-expr","locations":[{"start":{"line":108,"column":6},"end":{"line":108,"column":39}},{"start":{"line":108,"column":39},"end":{"line":108,"column":59}}],"line":108},"17":{"loc":{"start":{"line":112,"column":2},"end":{"line":114,"column":null}},"type":"if","locations":[{"start":{"line":112,"column":2},"end":{"line":114,"column":null}},{"start":{},"end":{}}],"line":112},"18":{"loc":{"start":{"line":112,"column":6},"end":{"line":112,"column":63}},"type":"binary-expr","locations":[{"start":{"line":112,"column":6},"end":{"line":112,"column":47}},{"start":{"line":112,"column":47},"end":{"line":112,"column":63}}],"line":112}},"s":{"0":9,"1":5,"2":0,"3":5,"4":1,"5":4,"6":1,"7":3,"8":5,"9":1,"10":2,"11":2,"12":1,"13":1,"14":1,"15":1,"16":1,"17":1,"18":0,"19":2,"20":1,"21":1,"22":2,"23":2,"24":2,"25":1,"26":2,"27":1,"28":2,"29":7},"f":{"0":9,"1":5,"2":1,"3":2,"4":2,"5":2,"6":7},"b":{"0":[9,8],"1":[0,5],"2":[1,4],"3":[5,3],"4":[1,3],"5":[4,2],"6":[3,1],"7":[1,4],"8":[2,2,2],"9":[1,0],"10":[1,0,0],"11":[0,0],"12":[1,1],"13":[1,1],"14":[2,1],"15":[1,1],"16":[2,1],"17":[1,1],"18":[2,1]},"meta":{"lastBranch":19,"lastFunction":7,"lastStatement":30,"seen":{"f:31:16:31:39":0,"s:32:2:32:Infinity":0,"b:32:9:32:29:32:29:32:Infinity":0,"f:35:22:35:44":1,"b:40:2:42:Infinity:undefined:undefined:undefined:undefined":1,"s:40:2:42:Infinity":1,"s:41:4:41:Infinity":2,"b:44:2:46:Infinity:undefined:undefined:undefined:undefined":2,"s:44:2:46:Infinity":3,"b:44:6:44:45:44:45:44:76":3,"s:45:4:45:Infinity":4,"b:48:2:50:Infinity:undefined:undefined:undefined:undefined":4,"s:48:2:50:Infinity":5,"b:48:6:48:53:48:53:48:92":5,"s:49:4:49:Infinity":6,"s:52:20:52:Infinity":7,"b:52:20:52:39:52:39:52:Infinity":6,"b:54:2:56:Infinity:undefined:undefined:undefined:undefined":7,"s:54:2:56:Infinity":8,"s:55:4:55:Infinity":9,"s:58:2:64:Infinity":10,"b:59:4:59:45:59:40:59:80:59:80:59:Infinity":8,"s:66:2:66:Infinity":11,"f:69:9:69:53":2,"s:70:8:70:Infinity":12,"s:71:8:71:Infinity":13,"s:72:8:72:Infinity":14,"s:73:8:73:Infinity":15,"b:75:2:77:Infinity:undefined:undefined:undefined:undefined":9,"s:75:2:77:Infinity":16,"b:75:6:75:15:75:15:75:24:75:24:75:31":10,"s:76:4:76:Infinity":17,"s:79:2:87:Infinity":18,"b:81:10:81:62:81:62:81:65":11,"f:90:9:90:20":3,"b:91:2:93:Infinity:undefined:undefined:undefined:undefined":12,"s:91:2:93:Infinity":19,"s:92:4:92:Infinity":20,"s:95:2:95:Infinity":21,"f:98:9:98:17":4,"s:99:2:99:Infinity":22,"b:99:112:99:145:99:145:99:Infinity":13,"b:99:58:99:91:99:91:99:112":14,"f:102:9:102:17":5,"s:103:15:106:Infinity":23,"b:108:2:110:Infinity:undefined:undefined:undefined:undefined":15,"s:108:2:110:Infinity":24,"b:108:6:108:39:108:39:108:59":16,"s:109:4:109:Infinity":25,"b:112:2:114:Infinity:undefined:undefined:undefined:undefined":17,"s:112:2:114:Infinity":26,"b:112:6:112:47:112:47:112:63":18,"s:113:4:113:Infinity":27,"s:116:2:116:Infinity":28,"f:119:9:119:20":6,"s:120:2:124:Infinity":29}}}
,"C:\\Users\\User\\Downloads\\Projeto Claude Code\\Fast Post\\src\\lib\\local-settings.ts": {"path":"C:\\Users\\User\\Downloads\\Projeto Claude Code\\Fast Post\\src\\lib\\local-settings.ts","statementMap":{"0":{"start":{"line":31,"column":21},"end":{"line":31,"column":null}},"1":{"start":{"line":33,"column":36},"end":{"line":48,"column":null}},"2":{"start":{"line":51,"column":2},"end":{"line":51,"column":null}},"3":{"start":{"line":54,"column":51},"end":{"line":67,"column":null}},"4":{"start":{"line":70,"column":2},"end":{"line":72,"column":null}},"5":{"start":{"line":71,"column":4},"end":{"line":71,"column":null}},"6":{"start":{"line":74,"column":2},"end":{"line":80,"column":null}},"7":{"start":{"line":75,"column":19},"end":{"line":75,"column":null}},"8":{"start":{"line":77,"column":4},"end":{"line":77,"column":null}},"9":{"start":{"line":79,"column":4},"end":{"line":79,"column":null}},"10":{"start":{"line":84,"column":2},"end":{"line":84,"column":null}},"11":{"start":{"line":85,"column":2},"end":{"line":85,"column":null}},"12":{"start":{"line":89,"column":2},"end":{"line":101,"column":null}},"13":{"start":{"line":91,"column":41},"end":{"line":91,"column":97}},"14":{"start":{"line":97,"column":84},"end":{"line":97,"column":112}},"15":{"start":{"line":105,"column":2},"end":{"line":107,"column":null}},"16":{"start":{"line":106,"column":4},"end":{"line":106,"column":null}},"17":{"start":{"line":109,"column":2},"end":{"line":109,"column":null}},"18":{"start":{"line":113,"column":2},"end":{"line":113,"column":null}},"19":{"start":{"line":117,"column":2},"end":{"line":130,"column":null}}},"fnMap":{"0":{"name":"getConfiguredValue","decl":{"start":{"line":50,"column":16},"end":{"line":50,"column":35}},"loc":{"start":{"line":50,"column":81},"end":{"line":52,"column":null}},"line":50},"1":{"name":"readLocalSettings","decl":{"start":{"line":69,"column":16},"end":{"line":69,"column":51}},"loc":{"start":{"line":69,"column":51},"end":{"line":81,"column":null}},"line":69},"2":{"name":"writeLocalSettings","decl":{"start":{"line":83,"column":16},"end":{"line":83,"column":35}},"loc":{"start":{"line":83,"column":60},"end":{"line":86,"column":null}},"line":83},"3":{"name":"publicLocalSettings","decl":{"start":{"line":88,"column":16},"end":{"line":88,"column":36}},"loc":{"start":{"line":88,"column":82},"end":{"line":102,"column":null}},"line":88},"4":{"name":"(anonymous_4)","decl":{"start":{"line":91,"column":27},"end":{"line":91,"column":32}},"loc":{"start":{"line":91,"column":41},"end":{"line":91,"column":97}},"line":91},"5":{"name":"(anonymous_5)","decl":{"start":{"line":97,"column":55},"end":{"line":97,"column":60}},"loc":{"start":{"line":97,"column":84},"end":{"line":97,"column":112}},"line":97},"6":{"name":"resolveZernioApiKey","decl":{"start":{"line":104,"column":16},"end":{"line":104,"column":36}},"loc":{"start":{"line":104,"column":81},"end":{"line":110,"column":null}},"line":104},"7":{"name":"hasConfiguredValue","decl":{"start":{"line":112,"column":16},"end":{"line":112,"column":35}},"loc":{"start":{"line":112,"column":81},"end":{"line":114,"column":null}},"line":112},"8":{"name":"normalizeLocalSettings","decl":{"start":{"line":116,"column":9},"end":{"line":116,"column":32}},"loc":{"start":{"line":116,"column":81},"end":{"line":131,"column":null}},"line":116}},"branchMap":{"0":{"loc":{"start":{"line":50,"column":49},"end":{"line":50,"column":81}},"type":"default-arg","locations":[{"start":{"line":50,"column":60},"end":{"line":50,"column":81}}],"line":50},"1":{"loc":{"start":{"line":51,"column":9},"end":{"line":51,"column":null}},"type":"binary-expr","locations":[{"start":{"line":51,"column":9},"end":{"line":51,"column":31}},{"start":{"line":51,"column":31},"end":{"line":51,"column":52}},{"start":{"line":51,"column":52},"end":{"line":51,"column":null}}],"line":51},"2":{"loc":{"start":{"line":70,"column":2},"end":{"line":72,"column":null}},"type":"if","locations":[{"start":{"line":70,"column":2},"end":{"line":72,"column":null}},{"start":{},"end":{}}],"line":70},"3":{"loc":{"start":{"line":91,"column":56},"end":{"line":91,"column":95}},"type":"binary-expr","locations":[{"start":{"line":91,"column":56},"end":{"line":91,"column":78}},{"start":{"line":91,"column":78},"end":{"line":91,"column":95}}],"line":91},"4":{"loc":{"start":{"line":95,"column":31},"end":{"line":95,"column":89}},"type":"binary-expr","locations":[{"start":{"line":95,"column":31},"end":{"line":95,"column":63}},{"start":{"line":95,"column":63},"end":{"line":95,"column":89}}],"line":95},"5":{"loc":{"start":{"line":105,"column":2},"end":{"line":107,"column":null}},"type":"if","locations":[{"start":{"line":105,"column":2},"end":{"line":107,"column":null}},{"start":{},"end":{}}],"line":105},"6":{"loc":{"start":{"line":106,"column":4},"end":{"line":106,"column":null}},"type":"binary-expr","locations":[{"start":{"line":106,"column":12},"end":{"line":106,"column":75}},{"start":{"line":106,"column":75},"end":{"line":106,"column":105}},{"start":{"line":106,"column":105},"end":{"line":106,"column":null}}],"line":106},"7":{"loc":{"start":{"line":109,"column":9},"end":{"line":109,"column":null}},"type":"binary-expr","locations":[{"start":{"line":109,"column":9},"end":{"line":109,"column":41}},{"start":{"line":109,"column":41},"end":{"line":109,"column":71}},{"start":{"line":109,"column":71},"end":{"line":109,"column":null}}],"line":109},"8":{"loc":{"start":{"line":112,"column":49},"end":{"line":112,"column":81}},"type":"default-arg","locations":[{"start":{"line":112,"column":60},"end":{"line":112,"column":81}}],"line":112},"9":{"loc":{"start":{"line":118,"column":9},"end":{"line":118,"column":null}},"type":"binary-expr","locations":[{"start":{"line":118,"column":9},"end":{"line":118,"column":25}},{"start":{"line":118,"column":25},"end":{"line":118,"column":null}}],"line":118},"10":{"loc":{"start":{"line":120,"column":12},"end":{"line":120,"column":null}},"type":"cond-expr","locations":[{"start":{"line":120,"column":51},"end":{"line":120,"column":64}},{"start":{"line":120,"column":64},"end":{"line":120,"column":null}}],"line":120},"11":{"loc":{"start":{"line":121,"column":20},"end":{"line":121,"column":null}},"type":"binary-expr","locations":[{"start":{"line":121,"column":20},"end":{"line":121,"column":53}},{"start":{"line":121,"column":53},"end":{"line":121,"column":null}}],"line":121},"12":{"loc":{"start":{"line":122,"column":22},"end":{"line":122,"column":null}},"type":"binary-expr","locations":[{"start":{"line":122,"column":22},"end":{"line":122,"column":57}},{"start":{"line":122,"column":57},"end":{"line":122,"column":null}}],"line":122},"13":{"loc":{"start":{"line":125,"column":15},"end":{"line":125,"column":null}},"type":"binary-expr","locations":[{"start":{"line":125,"column":15},"end":{"line":125,"column":50}},{"start":{"line":125,"column":50},"end":{"line":125,"column":null}}],"line":125},"14":{"loc":{"start":{"line":126,"column":13},"end":{"line":126,"column":null}},"type":"binary-expr","locations":[{"start":{"line":126,"column":13},"end":{"line":126,"column":46}},{"start":{"line":126,"column":46},"end":{"line":126,"column":null}}],"line":126},"15":{"loc":{"start":{"line":127,"column":21},"end":{"line":127,"column":null}},"type":"binary-expr","locations":[{"start":{"line":127,"column":21},"end":{"line":127,"column":62}},{"start":{"line":127,"column":62},"end":{"line":127,"column":null}}],"line":127},"16":{"loc":{"start":{"line":128,"column":29},"end":{"line":128,"column":null}},"type":"binary-expr","locations":[{"start":{"line":128,"column":29},"end":{"line":128,"column":78}},{"start":{"line":128,"column":78},"end":{"line":128,"column":null}}],"line":128}},"s":{"0":2,"1":2,"2":10,"3":2,"4":5,"5":0,"6":5,"7":5,"8":5,"9":0,"10":0,"11":0,"12":1,"13":14,"14":1,"15":4,"16":2,"17":2,"18":1,"19":5},"f":{"0":10,"1":5,"2":0,"3":1,"4":14,"5":1,"6":4,"7":1,"8":5},"b":{"0":[10],"1":[10,9,7],"2":[0,5],"3":[14,13],"4":[1,0],"5":[2,2],"6":[2,1,1],"7":[2,1,0],"8":[1],"9":[5,0],"10":[0,5],"11":[5,0],"12":[5,0],"13":[5,0],"14":[5,0],"15":[5,0],"16":[5,0]},"meta":{"lastBranch":17,"lastFunction":9,"lastStatement":20,"seen":{"s:31:21:31:Infinity":0,"s:33:36:48:Infinity":1,"f:50:16:50:35":0,"b:50:60:50:81":0,"s:51:2:51:Infinity":2,"b:51:9:51:31:51:31:51:52:51:52:51:Infinity":1,"s:54:51:67:Infinity":3,"f:69:16:69:51":1,"b:70:2:72:Infinity:undefined:undefined:undefined:undefined":2,"s:70:2:72:Infinity":4,"s:71:4:71:Infinity":5,"s:74:2:80:Infinity":6,"s:75:19:75:Infinity":7,"s:77:4:77:Infinity":8,"s:79:4:79:Infinity":9,"f:83:16:83:35":2,"s:84:2:84:Infinity":10,"s:85:2:85:Infinity":11,"f:88:16:88:36":3,"s:89:2:101:Infinity":12,"f:91:27:91:32":4,"s:91:41:91:97":13,"b:91:56:91:78:91:78:91:95":3,"b:95:31:95:63:95:63:95:89":4,"f:97:55:97:60":5,"s:97:84:97:112":14,"f:104:16:104:36":6,"b:105:2:107:Infinity:undefined:undefined:undefined:undefined":5,"s:105:2:107:Infinity":15,"s:106:4:106:Infinity":16,"b:106:12:106:75:106:75:106:105:106:105:106:Infinity":6,"s:109:2:109:Infinity":17,"b:109:9:109:41:109:41:109:71:109:71:109:Infinity":7,"f:112:16:112:35":7,"b:112:60:112:81":8,"s:113:2:113:Infinity":18,"f:116:9:116:32":8,"s:117:2:130:Infinity":19,"b:118:9:118:25:118:25:118:Infinity":9,"b:120:51:120:64:120:64:120:Infinity":10,"b:121:20:121:53:121:53:121:Infinity":11,"b:122:22:122:57:122:57:122:Infinity":12,"b:125:15:125:50:125:50:125:Infinity":13,"b:126:13:126:46:126:46:126:Infinity":14,"b:127:21:127:62:127:62:127:Infinity":15,"b:128:29:128:78:128:78:128:Infinity":16}}}
,"C:\\Users\\User\\Downloads\\Projeto Claude Code\\Fast Post\\src\\lib\\schedule-media.ts": {"path":"C:\\Users\\User\\Downloads\\Projeto Claude Code\\Fast Post\\src\\lib\\schedule-media.ts","statementMap":{"0":{"start":{"line":7,"column":2},"end":{"line":12,"column":null}},"1":{"start":{"line":8,"column":4},"end":{"line":11,"column":null}},"2":{"start":{"line":8,"column":55},"end":{"line":11,"column":6}},"3":{"start":{"line":14,"column":2},"end":{"line":17,"column":null}},"4":{"start":{"line":14,"column":63},"end":{"line":17,"column":4}}},"fnMap":{"0":{"name":"buildScheduleMediaItems","decl":{"start":{"line":6,"column":16},"end":{"line":6,"column":40}},"loc":{"start":{"line":6,"column":114},"end":{"line":18,"column":null}},"line":6},"1":{"name":"(anonymous_1)","decl":{"start":{"line":8,"column":29},"end":{"line":8,"column":34}},"loc":{"start":{"line":8,"column":55},"end":{"line":11,"column":6}},"line":8},"2":{"name":"(anonymous_2)","decl":{"start":{"line":14,"column":45},"end":{"line":14,"column":49}},"loc":{"start":{"line":14,"column":63},"end":{"line":17,"column":4}},"line":14}},"branchMap":{"0":{"loc":{"start":{"line":7,"column":2},"end":{"line":12,"column":null}},"type":"if","locations":[{"start":{"line":7,"column":2},"end":{"line":12,"column":null}},{"start":{},"end":{}}],"line":7},"1":{"loc":{"start":{"line":16,"column":14},"end":{"line":16,"column":null}},"type":"cond-expr","locations":[{"start":{"line":16,"column":32},"end":{"line":16,"column":61}},{"start":{"line":16,"column":61},"end":{"line":16,"column":null}}],"line":16}},"s":{"0":2,"1":1,"2":2,"3":1,"4":2},"f":{"0":2,"1":2,"2":2},"b":{"0":[1,1],"1":[1,1]},"meta":{"lastBranch":2,"lastFunction":3,"lastStatement":5,"seen":{"f:6:16:6:40":0,"b:7:2:12:Infinity:undefined:undefined:undefined:undefined":0,"s:7:2:12:Infinity":0,"s:8:4:11:Infinity":1,"f:8:29:8:34":1,"s:8:55:11:6":2,"s:14:2:17:Infinity":3,"f:14:45:14:49":2,"s:14:63:17:4":4,"b:16:32:16:61:16:61:16:Infinity":1}}}
,"C:\\Users\\User\\Downloads\\Projeto Claude Code\\Fast Post\\src\\lib\\schedule-summary.ts": {"path":"C:\\Users\\User\\Downloads\\Projeto Claude Code\\Fast Post\\src\\lib\\schedule-summary.ts","statementMap":{"0":{"start":{"line":5,"column":57},"end":{"line":9,"column":null}},"1":{"start":{"line":11,"column":58},"end":{"line":15,"column":null}},"2":{"start":{"line":24,"column":2},"end":{"line":33,"column":null}},"3":{"start":{"line":27,"column":48},"end":{"line":27,"column":78}},"4":{"start":{"line":37,"column":2},"end":{"line":39,"column":null}},"5":{"start":{"line":38,"column":4},"end":{"line":38,"column":null}},"6":{"start":{"line":41,"column":19},"end":{"line":41,"column":null}},"7":{"start":{"line":42,"column":17},"end":{"line":42,"column":null}},"8":{"start":{"line":44,"column":2},"end":{"line":44,"column":null}}},"fnMap":{"0":{"name":"buildScheduleSummary","decl":{"start":{"line":17,"column":16},"end":{"line":17,"column":37}},"loc":{"start":{"line":23,"column":3},"end":{"line":34,"column":null}},"line":23},"1":{"name":"(anonymous_1)","decl":{"start":{"line":27,"column":27},"end":{"line":27,"column":32}},"loc":{"start":{"line":27,"column":48},"end":{"line":27,"column":78}},"line":27},"2":{"name":"formatMediaLabel","decl":{"start":{"line":36,"column":9},"end":{"line":36,"column":26}},"loc":{"start":{"line":36,"column":69},"end":{"line":45,"column":null}},"line":36}},"branchMap":{"0":{"loc":{"start":{"line":26,"column":23},"end":{"line":28,"column":null}},"type":"cond-expr","locations":[{"start":{"line":27,"column":8},"end":{"line":27,"column":null}},{"start":{"line":28,"column":8},"end":{"line":28,"column":null}}],"line":26},"1":{"loc":{"start":{"line":37,"column":2},"end":{"line":39,"column":null}},"type":"if","locations":[{"start":{"line":37,"column":2},"end":{"line":39,"column":null}},{"start":{},"end":{}}],"line":37},"2":{"loc":{"start":{"line":41,"column":19},"end":{"line":41,"column":null}},"type":"cond-expr","locations":[{"start":{"line":41,"column":42},"end":{"line":41,"column":52}},{"start":{"line":41,"column":52},"end":{"line":41,"column":null}}],"line":41},"3":{"loc":{"start":{"line":42,"column":17},"end":{"line":42,"column":null}},"type":"cond-expr","locations":[{"start":{"line":42,"column":40},"end":{"line":42,"column":51}},{"start":{"line":42,"column":51},"end":{"line":42,"column":null}}],"line":42},"4":{"loc":{"start":{"line":44,"column":21},"end":{"line":44,"column":null}},"type":"cond-expr","locations":[{"start":{"line":44,"column":35},"end":{"line":44,"column":46}},{"start":{"line":44,"column":46},"end":{"line":44,"column":null}}],"line":44}},"s":{"0":1,"1":1,"2":2,"3":1,"4":2,"5":1,"6":1,"7":2,"8":2},"f":{"0":2,"1":1,"2":2},"b":{"0":[1,1],"1":[1,1],"2":[1,0],"3":[1,0],"4":[1,0]},"meta":{"lastBranch":5,"lastFunction":3,"lastStatement":9,"seen":{"s:5:57:9:Infinity":0,"s:11:58:15:Infinity":1,"f:17:16:17:37":0,"s:24:2:33:Infinity":2,"b:27:8:27:Infinity:28:8:28:Infinity":0,"f:27:27:27:32":1,"s:27:48:27:78":3,"f:36:9:36:26":2,"b:37:2:39:Infinity:undefined:undefined:undefined:undefined":1,"s:37:2:39:Infinity":4,"s:38:4:38:Infinity":5,"s:41:19:41:Infinity":6,"b:41:42:41:52:41:52:41:Infinity":2,"s:42:17:42:Infinity":7,"b:42:40:42:51:42:51:42:Infinity":3,"s:44:2:44:Infinity":8,"b:44:35:44:46:44:46:44:Infinity":4}}}
,"C:\\Users\\User\\Downloads\\Projeto Claude Code\\Fast Post\\src\\lib\\scheduling-engine.ts": {"path":"C:\\Users\\User\\Downloads\\Projeto Claude Code\\Fast Post\\src\\lib\\scheduling-engine.ts","statementMap":{"0":{"start":{"line":51,"column":18},"end":{"line":51,"column":null}},"1":{"start":{"line":55,"column":18},"end":{"line":57,"column":null}},"2":{"start":{"line":56,"column":24},"end":{"line":56,"column":35}},"3":{"start":{"line":57,"column":29},"end":{"line":57,"column":81}},"4":{"start":{"line":59,"column":4},"end":{"line":61,"column":null}},"5":{"start":{"line":60,"column":6},"end":{"line":60,"column":null}},"6":{"start":{"line":63,"column":4},"end":{"line":65,"column":null}},"7":{"start":{"line":64,"column":6},"end":{"line":64,"column":null}},"8":{"start":{"line":67,"column":4},"end":{"line":69,"column":null}},"9":{"start":{"line":68,"column":6},"end":{"line":68,"column":null}},"10":{"start":{"line":71,"column":21},"end":{"line":71,"column":null}},"11":{"start":{"line":71,"column":63},"end":{"line":71,"column":79}},"12":{"start":{"line":72,"column":42},"end":{"line":72,"column":null}},"13":{"start":{"line":73,"column":21},"end":{"line":75,"column":null}},"14":{"start":{"line":77,"column":20},"end":{"line":77,"column":null}},"15":{"start":{"line":79,"column":4},"end":{"line":101,"column":null}},"16":{"start":{"line":80,"column":19},"end":{"line":86,"column":null}},"17":{"start":{"line":88,"column":26},"end":{"line":88,"column":null}},"18":{"start":{"line":89,"column":6},"end":{"line":89,"column":null}},"19":{"start":{"line":90,"column":6},"end":{"line":90,"column":null}},"20":{"start":{"line":91,"column":6},"end":{"line":91,"column":null}},"21":{"start":{"line":93,"column":6},"end":{"line":100,"column":null}},"22":{"start":{"line":103,"column":22},"end":{"line":103,"column":null}},"23":{"start":{"line":104,"column":20},"end":{"line":104,"column":null}},"24":{"start":{"line":106,"column":6},"end":{"line":108,"column":null}},"25":{"start":{"line":110,"column":4},"end":{"line":118,"column":null}},"26":{"start":{"line":128,"column":15},"end":{"line":128,"column":null}},"27":{"start":{"line":129,"column":20},"end":{"line":129,"column":null}},"28":{"start":{"line":131,"column":4},"end":{"line":151,"column":null}},"29":{"start":{"line":131,"column":21},"end":{"line":131,"column":24}},"30":{"start":{"line":132,"column":6},"end":{"line":136,"column":null}},"31":{"start":{"line":133,"column":8},"end":{"line":133,"column":null}},"32":{"start":{"line":134,"column":8},"end":{"line":134,"column":null}},"33":{"start":{"line":135,"column":8},"end":{"line":135,"column":null}},"34":{"start":{"line":138,"column":19},"end":{"line":138,"column":null}},"35":{"start":{"line":139,"column":26},"end":{"line":139,"column":null}},"36":{"start":{"line":140,"column":18},"end":{"line":140,"column":null}},"37":{"start":{"line":141,"column":6},"end":{"line":141,"column":null}},"38":{"start":{"line":143,"column":6},"end":{"line":146,"column":null}},"39":{"start":{"line":144,"column":8},"end":{"line":144,"column":null}},"40":{"start":{"line":145,"column":8},"end":{"line":145,"column":null}},"41":{"start":{"line":148,"column":6},"end":{"line":150,"column":null}},"42":{"start":{"line":149,"column":8},"end":{"line":149,"column":null}},"43":{"start":{"line":153,"column":4},"end":{"line":153,"column":null}},"44":{"start":{"line":157,"column":4},"end":{"line":159,"column":null}},"45":{"start":{"line":158,"column":6},"end":{"line":158,"column":null}},"46":{"start":{"line":161,"column":19},"end":{"line":163,"column":null}},"47":{"start":{"line":162,"column":21},"end":{"line":162,"column":47}},"48":{"start":{"line":163,"column":29},"end":{"line":163,"column":61}},"49":{"start":{"line":165,"column":4},"end":{"line":165,"column":null}},"50":{"start":{"line":169,"column":4},"end":{"line":171,"column":null}},"51":{"start":{"line":170,"column":6},"end":{"line":170,"column":null}},"52":{"start":{"line":173,"column":4},"end":{"line":173,"column":null}},"53":{"start":{"line":178,"column":2},"end":{"line":178,"column":null}},"54":{"start":{"line":182,"column":2},"end":{"line":182,"column":null}}},"fnMap":{"0":{"name":"preview","decl":{"start":{"line":54,"column":2},"end":{"line":54,"column":10}},"loc":{"start":{"line":54,"column":60},"end":{"line":119,"column":null}},"line":54},"1":{"name":"(anonymous_1)","decl":{"start":{"line":56,"column":7},"end":{"line":56,"column":15}},"loc":{"start":{"line":56,"column":24},"end":{"line":56,"column":35}},"line":56},"2":{"name":"(anonymous_2)","decl":{"start":{"line":57,"column":7},"end":{"line":57,"column":13}},"loc":{"start":{"line":57,"column":29},"end":{"line":57,"column":81}},"line":57},"3":{"name":"(anonymous_3)","decl":{"start":{"line":71,"column":49},"end":{"line":71,"column":54}},"loc":{"start":{"line":71,"column":63},"end":{"line":71,"column":79}},"line":71},"4":{"name":"getNextAvailableSlot","decl":{"start":{"line":121,"column":2},"end":{"line":121,"column":10}},"loc":{"start":{"line":127,"column":65},"end":{"line":154,"column":null}},"line":127},"5":{"name":"dayAfterLatestPost","decl":{"start":{"line":156,"column":2},"end":{"line":156,"column":10}},"loc":{"start":{"line":156,"column":90},"end":{"line":166,"column":null}},"line":156},"6":{"name":"(anonymous_6)","decl":{"start":{"line":162,"column":7},"end":{"line":162,"column":12}},"loc":{"start":{"line":162,"column":21},"end":{"line":162,"column":47}},"line":162},"7":{"name":"(anonymous_7)","decl":{"start":{"line":163,"column":7},"end":{"line":163,"column":13}},"loc":{"start":{"line":163,"column":29},"end":{"line":163,"column":61}},"line":163},"8":{"name":"captionFor","decl":{"start":{"line":168,"column":2},"end":{"line":168,"column":10}},"loc":{"start":{"line":168,"column":78},"end":{"line":174,"column":null}},"line":168},"9":{"name":"parseDateOnly","decl":{"start":{"line":177,"column":9},"end":{"line":177,"column":23}},"loc":{"start":{"line":177,"column":44},"end":{"line":179,"column":null}},"line":177},"10":{"name":"addDays","decl":{"start":{"line":181,"column":9},"end":{"line":181,"column":17}},"loc":{"start":{"line":181,"column":49},"end":{"line":183,"column":null}},"line":181}},"branchMap":{"0":{"loc":{"start":{"line":57,"column":29},"end":{"line":57,"column":81}},"type":"binary-expr","locations":[{"start":{"line":57,"column":29},"end":{"line":57,"column":55}},{"start":{"line":57,"column":55},"end":{"line":57,"column":81}}],"line":57},"1":{"loc":{"start":{"line":59,"column":4},"end":{"line":61,"column":null}},"type":"if","locations":[{"start":{"line":59,"column":4},"end":{"line":61,"column":null}},{"start":{},"end":{}}],"line":59},"2":{"loc":{"start":{"line":63,"column":4},"end":{"line":65,"column":null}},"type":"if","locations":[{"start":{"line":63,"column":4},"end":{"line":65,"column":null}},{"start":{},"end":{}}],"line":63},"3":{"loc":{"start":{"line":67,"column":4},"end":{"line":69,"column":null}},"type":"if","locations":[{"start":{"line":67,"column":4},"end":{"line":69,"column":null}},{"start":{},"end":{}}],"line":67},"4":{"loc":{"start":{"line":73,"column":21},"end":{"line":75,"column":null}},"type":"cond-expr","locations":[{"start":{"line":74,"column":8},"end":{"line":74,"column":null}},{"start":{"line":75,"column":8},"end":{"line":75,"column":null}}],"line":73},"5":{"loc":{"start":{"line":103,"column":22},"end":{"line":103,"column":null}},"type":"binary-expr","locations":[{"start":{"line":103,"column":22},"end":{"line":103,"column":60}},{"start":{"line":103,"column":60},"end":{"line":103,"column":null}}],"line":103},"6":{"loc":{"start":{"line":104,"column":20},"end":{"line":104,"column":null}},"type":"binary-expr","locations":[{"start":{"line":104,"column":20},"end":{"line":104,"column":62}},{"start":{"line":104,"column":62},"end":{"line":104,"column":null}}],"line":104},"7":{"loc":{"start":{"line":106,"column":6},"end":{"line":108,"column":null}},"type":"cond-expr","locations":[{"start":{"line":107,"column":10},"end":{"line":107,"column":null}},{"start":{"line":108,"column":10},"end":{"line":108,"column":null}}],"line":106},"8":{"loc":{"start":{"line":106,"column":6},"end":{"line":106,"column":null}},"type":"binary-expr","locations":[{"start":{"line":106,"column":6},"end":{"line":106,"column":19}},{"start":{"line":106,"column":19},"end":{"line":106,"column":null}}],"line":106},"9":{"loc":{"start":{"line":132,"column":6},"end":{"line":136,"column":null}},"type":"if","locations":[{"start":{"line":132,"column":6},"end":{"line":136,"column":null}},{"start":{},"end":{}}],"line":132},"10":{"loc":{"start":{"line":143,"column":6},"end":{"line":146,"column":null}},"type":"if","locations":[{"start":{"line":143,"column":6},"end":{"line":146,"column":null}},{"start":{},"end":{}}],"line":143},"11":{"loc":{"start":{"line":148,"column":6},"end":{"line":150,"column":null}},"type":"if","locations":[{"start":{"line":148,"column":6},"end":{"line":150,"column":null}},{"start":{},"end":{}}],"line":148},"12":{"loc":{"start":{"line":157,"column":4},"end":{"line":159,"column":null}},"type":"if","locations":[{"start":{"line":157,"column":4},"end":{"line":159,"column":null}},{"start":{},"end":{}}],"line":157},"13":{"loc":{"start":{"line":169,"column":4},"end":{"line":171,"column":null}},"type":"if","locations":[{"start":{"line":169,"column":4},"end":{"line":171,"column":null}},{"start":{},"end":{}}],"line":169},"14":{"loc":{"start":{"line":170,"column":13},"end":{"line":170,"column":null}},"type":"binary-expr","locations":[{"start":{"line":170,"column":13},"end":{"line":170,"column":53}},{"start":{"line":170,"column":53},"end":{"line":170,"column":77}},{"start":{"line":170,"column":77},"end":{"line":170,"column":null}}],"line":170},"15":{"loc":{"start":{"line":173,"column":11},"end":{"line":173,"column":null}},"type":"binary-expr","locations":[{"start":{"line":173,"column":11},"end":{"line":173,"column":35}},{"start":{"line":173,"column":35},"end":{"line":173,"column":null}}],"line":173}},"s":{"0":1,"1":6,"2":15,"3":10,"4":6,"5":1,"6":5,"7":1,"8":4,"9":0,"10":4,"11":3,"12":4,"13":4,"14":6,"15":6,"16":16,"17":16,"18":16,"19":16,"20":16,"21":16,"22":4,"23":6,"24":6,"25":6,"26":16,"27":16,"28":16,"29":16,"30":21,"31":4,"32":4,"33":4,"34":17,"35":17,"36":17,"37":17,"38":17,"39":4,"40":4,"41":17,"42":16,"43":0,"44":1,"45":0,"46":1,"47":2,"48":1,"49":1,"50":16,"51":3,"52":13,"53":12,"54":9},"f":{"0":6,"1":15,"2":10,"3":3,"4":16,"5":1,"6":2,"7":1,"8":16,"9":12,"10":9},"b":{"0":[10,0],"1":[1,5],"2":[1,4],"3":[0,4],"4":[1,3],"5":[4,0],"6":[6,0],"7":[4,0],"8":[6,4],"9":[4,17],"10":[4,13],"11":[16,1],"12":[0,1],"13":[3,13],"14":[3,1,0],"15":[13,0]},"meta":{"lastBranch":16,"lastFunction":11,"lastStatement":55,"seen":{"s:51:18:51:Infinity":0,"f:54:2:54:10":0,"s:55:18:57:Infinity":1,"f:56:7:56:15":1,"s:56:24:56:35":2,"f:57:7:57:13":2,"s:57:29:57:81":3,"b:57:29:57:55:57:55:57:81":0,"b:59:4:61:Infinity:undefined:undefined:undefined:undefined":1,"s:59:4:61:Infinity":4,"s:60:6:60:Infinity":5,"b:63:4:65:Infinity:undefined:undefined:undefined:undefined":2,"s:63:4:65:Infinity":6,"s:64:6:64:Infinity":7,"b:67:4:69:Infinity:undefined:undefined:undefined:undefined":3,"s:67:4:69:Infinity":8,"s:68:6:68:Infinity":9,"s:71:21:71:Infinity":10,"f:71:49:71:54":3,"s:71:63:71:79":11,"s:72:42:72:Infinity":12,"s:73:21:75:Infinity":13,"b:74:8:74:Infinity:75:8:75:Infinity":4,"s:77:20:77:Infinity":14,"s:79:4:101:Infinity":15,"s:80:19:86:Infinity":16,"s:88:26:88:Infinity":17,"s:89:6:89:Infinity":18,"s:90:6:90:Infinity":19,"s:91:6:91:Infinity":20,"s:93:6:100:Infinity":21,"s:103:22:103:Infinity":22,"b:103:22:103:60:103:60:103:Infinity":5,"s:104:20:104:Infinity":23,"b:104:20:104:62:104:62:104:Infinity":6,"s:106:6:108:Infinity":24,"b:107:10:107:Infinity:108:10:108:Infinity":7,"b:106:6:106:19:106:19:106:Infinity":8,"s:110:4:118:Infinity":25,"f:121:2:121:10":4,"s:128:15:128:Infinity":26,"s:129:20:129:Infinity":27,"s:131:4:151:Infinity":28,"s:131:21:131:24":29,"b:132:6:136:Infinity:undefined:undefined:undefined:undefined":9,"s:132:6:136:Infinity":30,"s:133:8:133:Infinity":31,"s:134:8:134:Infinity":32,"s:135:8:135:Infinity":33,"s:138:19:138:Infinity":34,"s:139:26:139:Infinity":35,"s:140:18:140:Infinity":36,"s:141:6:141:Infinity":37,"b:143:6:146:Infinity:undefined:undefined:undefined:undefined":10,"s:143:6:146:Infinity":38,"s:144:8:144:Infinity":39,"s:145:8:145:Infinity":40,"b:148:6:150:Infinity:undefined:undefined:undefined:undefined":11,"s:148:6:150:Infinity":41,"s:149:8:149:Infinity":42,"s:153:4:153:Infinity":43,"f:156:2:156:10":5,"b:157:4:159:Infinity:undefined:undefined:undefined:undefined":12,"s:157:4:159:Infinity":44,"s:158:6:158:Infinity":45,"s:161:19:163:Infinity":46,"f:162:7:162:12":6,"s:162:21:162:47":47,"f:163:7:163:13":7,"s:163:29:163:61":48,"s:165:4:165:Infinity":49,"f:168:2:168:10":8,"b:169:4:171:Infinity:undefined:undefined:undefined:undefined":13,"s:169:4:171:Infinity":50,"s:170:6:170:Infinity":51,"b:170:13:170:53:170:53:170:77:170:77:170:Infinity":14,"s:173:4:173:Infinity":52,"b:173:11:173:35:173:35:173:Infinity":15,"f:177:9:177:23":9,"s:178:2:178:Infinity":53,"f:181:9:181:17":10,"s:182:2:182:Infinity":54}}}
,"C:\\Users\\User\\Downloads\\Projeto Claude Code\\Fast Post\\src\\lib\\upload-status.ts": {"path":"C:\\Users\\User\\Downloads\\Projeto Claude Code\\Fast Post\\src\\lib\\upload-status.ts","statementMap":{"0":{"start":{"line":10,"column":19},"end":{"line":10,"column":null}},"1":{"start":{"line":12,"column":2},"end":{"line":21,"column":null}},"2":{"start":{"line":13,"column":23},"end":{"line":13,"column":null}},"3":{"start":{"line":15,"column":4},"end":{"line":20,"column":null}}},"fnMap":{"0":{"name":"buildUploadRows","decl":{"start":{"line":9,"column":16},"end":{"line":9,"column":32}},"loc":{"start":{"line":9,"column":96},"end":{"line":22,"column":null}},"line":9},"1":{"name":"(anonymous_1)","decl":{"start":{"line":12,"column":15},"end":{"line":12,"column":20}},"loc":{"start":{"line":12,"column":29},"end":{"line":21,"column":3}},"line":12}},"branchMap":{"0":{"loc":{"start":{"line":17,"column":16},"end":{"line":17,"column":null}},"type":"cond-expr","locations":[{"start":{"line":17,"column":29},"end":{"line":17,"column":34}},{"start":{"line":17,"column":34},"end":{"line":17,"column":null}}],"line":17},"1":{"loc":{"start":{"line":18,"column":19},"end":{"line":18,"column":null}},"type":"cond-expr","locations":[{"start":{"line":18,"column":32},"end":{"line":18,"column":47}},{"start":{"line":18,"column":47},"end":{"line":18,"column":null}}],"line":18}},"s":{"0":2,"1":2,"2":3,"3":3},"f":{"0":2,"1":3},"b":{"0":[1,2],"1":[1,2]},"meta":{"lastBranch":2,"lastFunction":2,"lastStatement":4,"seen":{"f:9:16:9:32":0,"s:10:19:10:Infinity":0,"s:12:2:21:Infinity":1,"f:12:15:12:20":1,"s:13:23:13:Infinity":2,"s:15:4:20:Infinity":3,"b:17:29:17:34:17:34:17:Infinity":0,"b:18:32:18:47:18:47:18:Infinity":1}}}
}
